<?xml version="1.0" encoding="UTF-8"?>
<!-- Generated by org.testng.reporters.JUnitReportReporter -->
<testsuite skipped="0" hostname="DESKTOP-HT6N8H1" name="testLibraries.TC001_Get_Request" tests="1" failures="0" timestamp="2022-04-11T08:50:05 IST" time="4.743" errors="0">
  <testcase name="getBooksDetails" time="4.743" classname="testLibraries.TC001_Get_Request"/>
  <system-out/>
</testsuite> <!-- testLibraries.TC001_Get_Request -->
