<?xml version="1.0" encoding="UTF-8"?>
<!-- Generated by org.testng.reporters.JUnitReportReporter -->
<testsuite skipped="0" hostname="DESKTOP-HT6N8H1" name="testLibrary.TC005_EMP_Post_Request" tests="1" failures="0" timestamp="2022-04-14T09:13:34 IST" time="3.980" errors="0">
  <testcase name="getBooksDetails" time="3.980" classname="testLibrary.TC005_EMP_Post_Request"/>
  <system-out/>
</testsuite> <!-- testLibrary.TC005_EMP_Post_Request -->
