<?xml version="1.0" encoding="UTF-8"?>
<!-- Generated by org.testng.reporters.JUnitReportReporter -->
<testsuite skipped="0" hostname="DESKTOP-HT6N8H1" name="testLibraries.TC004_EMP_Post_Request1" tests="2" failures="0" timestamp="2022-04-12T11:13:59 IST" time="3.542" errors="0">
  <testcase name="postNewEmployee" time="2.838" classname="testLibraries.TC004_EMP_Post_Request1"/>
  <system-out/>
  <testcase name="postNewEmployee" time="0.704" classname="testLibraries.TC004_EMP_Post_Request1"/>
  <system-out/>
</testsuite> <!-- testLibraries.TC004_EMP_Post_Request1 -->
