<?xml version="1.0" encoding="UTF-8"?>
<!-- Generated by org.testng.reporters.JUnitReportReporter -->
<testsuite skipped="0" hostname="DESKTOP-HT6N8H1" name="dataProvidersLibrary.TestClass" tests="1" failures="0" timestamp="2022-04-13T09:31:12 IST" time="0.731" errors="0">
  <testcase name="sampleData" time="0.731" classname="dataProvidersLibrary.TestClass"/>
  <system-out/>
</testsuite> <!-- dataProvidersLibrary.TestClass -->
