<?xml version="1.0" encoding="UTF-8"?>
<!-- Generated by org.testng.reporters.JUnitReportReporter -->
<testsuite skipped="0" hostname="DESKTOP-HT6N8H1" name="testLibraries.TC002_Post_Request" tests="1" failures="0" timestamp="2022-04-09T09:05:42 IST" time="4.652" errors="0">
  <testcase name="getBooksDetails" time="4.652" classname="testLibraries.TC002_Post_Request"/>
  <system-out/>
</testsuite> <!-- testLibraries.TC002_Post_Request -->
