<?xml version="1.0" encoding="UTF-8"?>
<!-- Generated by org.testng.reporters.JUnitReportReporter -->
<testsuite skipped="0" hostname="DESKTOP-HT6N8H1" name="testLibrary.TC02_Get_Request2" tests="8" failures="0" timestamp="2022-04-14T09:48:42 IST" time="0.028" errors="0">
  <testcase name="checkResponseBody" time="0.017" classname="testLibrary.TC02_Get_Request2"/>
  <system-out/>
  <testcase name="checkStatusCode" time="0.002" classname="testLibrary.TC02_Get_Request2"/>
  <system-out/>
  <testcase name="checkStatusLine" time="0.001" classname="testLibrary.TC02_Get_Request2"/>
  <system-out/>
  <testcase name="checkResponseTime" time="0.001" classname="testLibrary.TC02_Get_Request2"/>
  <system-out/>
  <testcase name="checkContentType" time="0.001" classname="testLibrary.TC02_Get_Request2"/>
  <system-out/>
  <testcase name="checkContentLength" time="0.003" classname="testLibrary.TC02_Get_Request2"/>
  <system-out/>
  <testcase name="checkServerType" time="0.002" classname="testLibrary.TC02_Get_Request2"/>
  <system-out/>
  <testcase name="printAllHeaders" time="0.001" classname="testLibrary.TC02_Get_Request2"/>
  <system-out/>
</testsuite> <!-- testLibrary.TC02_Get_Request2 -->
