<?xml version="1.0" encoding="UTF-8"?>
<!-- Generated by org.testng.reporters.JUnitReportReporter -->
<testsuite skipped="0" hostname="DESKTOP-HT6N8H1" name="testLibrary.TC03_Post_Request1" tests="2" failures="0" timestamp="2022-04-14T09:48:42 IST" time="3.253" errors="0">
  <testcase name="getBooksDetails" time="1.607" classname="testLibrary.TC03_Post_Request1"/>
  <system-out/>
  <testcase name="getBooksDetails" time="1.646" classname="testLibrary.TC03_Post_Request1"/>
  <system-out/>
</testsuite> <!-- testLibrary.TC03_Post_Request1 -->
