<?xml version="1.0" encoding="UTF-8"?>
<!-- Generated by org.testng.reporters.JUnitReportReporter -->
<testsuite skipped="0" hostname="DESKTOP-HT6N8H1" name="testLibraries.TC002_Get_Request" tests="1" failures="0" timestamp="2022-04-11T09:32:54 IST" time="5.292" errors="0">
  <testcase name="getBooksDetails" time="5.292" classname="testLibraries.TC002_Get_Request"/>
  <system-out/>
</testsuite> <!-- testLibraries.TC002_Get_Request -->
