<?xml version="1.0" encoding="UTF-8"?>
<!-- Generated by org.testng.reporters.JUnitReportReporter -->
<testsuite skipped="0" hostname="DESKTOP-HT6N8H1" name="testLibraries.TC005_EMP_Post_Request" tests="2" failures="0" timestamp="2022-04-13T09:43:50 IST" time="4.672" errors="0">
  <testcase name="getBooksDetails" time="3.291" classname="testLibraries.TC005_EMP_Post_Request"/>
  <system-out/>
  <testcase name="getBooksDetails" time="1.381" classname="testLibraries.TC005_EMP_Post_Request"/>
  <system-out/>
</testsuite> <!-- testLibraries.TC005_EMP_Post_Request -->
