<?xml version="1.0" encoding="UTF-8"?>
<!-- Generated by org.testng.reporters.JUnitReportReporter -->
<testsuite skipped="0" hostname="DESKTOP-HT6N8H1" name="testLibrary.TC001_Get_Request" tests="1" failures="0" timestamp="2022-04-13T11:20:40 IST" time="3.248" errors="0">
  <testcase name="getBooksDetails" time="3.248" classname="testLibrary.TC001_Get_Request"/>
  <system-out/>
</testsuite> <!-- testLibrary.TC001_Get_Request -->
