<?xml version="1.0" encoding="UTF-8"?>
<!-- Generated by org.testng.reporters.JUnitReportReporter -->
<testsuite skipped="0" hostname="DESKTOP-HT6N8H1" name="testLibrary.TC002_Get_Request" tests="1" failures="0" timestamp="2022-04-13T11:50:12 IST" time="4.363" errors="0">
  <testcase name="getBooksDetails" time="4.363" classname="testLibrary.TC002_Get_Request"/>
  <system-out/>
</testsuite> <!-- testLibrary.TC002_Get_Request -->
